Bot online
Extracting events from file: hanna.ics 

Wrote to  hanna.csv 

Extracting events from file: don.ics 

Wrote to  don.csv 

12:15
Teknik 1
Mikael  Zackrisson
Agenda not available
310

12:15 310
 Mikael  Zackrisson Agenda not available
St 12:15 StE Cl 310
 ClE Te Mikael  Zackrisson TeE Ag Agenda not available AgE
11:10
Lunch Tid i matsale
None
None


11:10 
 None None
11:10
Lunch Tid i matsale
None
None


11:10 
 None None
11:55
Samhällskunskap 1b
"Sofia Ridal
1. Förberedelse: Ta med dator. 2. Lektionsinnehåll: Normer, stereotyper och fördomar. Dokumentär om ""livet som macho"". Gruppdiskussioner.  Material:  Avsnitt 1. Livet som macho Frågor till avsnittet"
212
11:55 212 "Sofia Ridal 1. Förberedelse: Ta med dator. 2. Lektionsinnehåll: Normer, stereotyper och fördomar. Dokumentär om ""livet som macho"". Gruppdiskussioner.  Material:  Avsnitt 1. Livet som macho Frågor till avsnittet"
11:55 212 "Sofia Ridal 1. Förberedelse: Ta med dator. 2. Lektionsinnehåll: Normer, stereotyper och fördomar. Dokumentär om ""livet som macho"". Gruppdiskussioner.  Material:  Avsnitt 1. Livet som macho Frågor till avsnittet"
